Itasca Consulting Group, Inc., Griddle-GVol version: 2.00.12 2021.10.1
Rhino model: D:\3dec\griddle\mmm最终.3dm
Time: Sun Mar  2 07:56:23 2025

GVol input parameters
  Mode: Tet
  Output format: 3DEC (Rigid)
  Advanced parameters
    Maximum gradation: 0.5
    Target size: 0
    Optimization Level: 5
    Shape quality weight: 0.75
---------------------------------------------------------------------

Input mesh
  Number of surface elements: 27164
  Number of nodes: 12865

Output mesh
  Number of tetrahedra: 82850
  Number of nodes: 16324

Meshing time: 1.63 s


---------------------------------------------------------------------
*********** Output Mesh Quality Information ***********

Meshed volume: 601426279.80
Number of meshed subdomains: 34
Missed (unenforced) faces: 0
Element min shape quality (QS) value: 0.04

*********** Histogram QS for Tetrahedra (T4) ***********
Total number of bins     :           11 
Total number of counts   :        82850 
Number of larger values  :            0 
Number of smaller values :            0 
V max                    : 9.926755E-01
V mean                   : 5.165136E-01
V min                    : 3.831109E-02

Bin number       -- Bin boundaries --          Hits

   10            0.90            1.00           175
    9            0.80            0.90          5682
    8            0.70            0.80         17779
    7            0.60            0.70         10281
    6            0.50            0.60         12515
    5            0.40            0.50          6658
    4            0.30            0.40         13195
    3            0.20            0.30          9253
    2            0.10            0.20          3294
    1            0.01            0.10          4018
    0            0.00            0.01             0
